<?xml version="1.0" encoding="UTF-8"?>
<!-- Generated by org.testng.reporters.JUnitReportReporter -->
<testsuite skipped="0" hostname="DESKTOP-S49HO28" name="loginTest.AmazonTest" tests="5" failures="0" timestamp="07 Oct 2022 08:01:20 GMT" time="20.828" errors="0">
  <testcase name="searchProduct" time="7.010" classname="loginTest.AmazonTest"/>
  <testcase name="selectproductfromlist" time="6.324" classname="loginTest.AmazonTest"/>
  <testcase name="setitemtocart" time="0.103" classname="loginTest.AmazonTest"/>
  <testcase name="verifyshoppingcarttime" time="5.851" classname="loginTest.AmazonTest"/>
  <testcase name="checkoutfunction" time="1.540" classname="loginTest.AmazonTest"/>
</testsuite> <!-- loginTest.AmazonTest -->
